<?xml version="1.0" encoding="UTF-8"?>
<coverage generated="1539825282368" clover="3.2.0">
  <project timestamp="1539825282368" name="All files">
    <metrics statements="32" coveredstatements="21" conditionals="10" coveredconditionals="2" methods="10" coveredmethods="2" elements="52" coveredelements="25" complexity="0" loc="32" ncloc="32" packages="1" files="2" classes="2">
      <file name="routes.js" path="/Users/john/codefellows/javascript-401/curriculum/07-crud/demo/www/lib/routes.js">
        <metrics statements="15" coveredstatements="10" conditionals="0" coveredconditionals="0" methods="7" coveredmethods="2"/>
        <line num="3" count="1" type="stmt"/>
        <line num="4" count="1" type="stmt"/>
        <line num="6" count="1" type="stmt"/>
        <line num="8" count="1" type="stmt"/>
        <line num="10" count="1" type="stmt"/>
        <line num="11" count="1" type="stmt"/>
        <line num="12" count="1" type="stmt"/>
        <line num="14" count="1" type="stmt"/>
        <line num="18" count="0" type="stmt"/>
        <line num="22" count="0" type="stmt"/>
        <line num="24" count="0" type="stmt"/>
        <line num="27" count="0" type="stmt"/>
        <line num="32" count="1" type="stmt"/>
        <line num="34" count="1" type="stmt"/>
        <line num="37" count="0" type="stmt"/>
      </file>
      <file name="server.js" path="/Users/john/codefellows/javascript-401/curriculum/07-crud/demo/www/lib/server.js">
        <metrics statements="17" coveredstatements="11" conditionals="10" coveredconditionals="2" methods="3" coveredmethods="0"/>
        <line num="3" count="1" type="stmt"/>
        <line num="4" count="1" type="stmt"/>
        <line num="5" count="1" type="stmt"/>
        <line num="7" count="1" type="stmt"/>
        <line num="9" count="1" type="cond" truecount="2" falsecount="0"/>
        <line num="12" count="1" type="stmt"/>
        <line num="15" count="1" type="stmt"/>
        <line num="18" count="1" type="stmt"/>
        <line num="19" count="0" type="cond" truecount="0" falsecount="5"/>
        <line num="21" count="0" type="stmt"/>
        <line num="22" count="0" type="stmt"/>
        <line num="23" count="0" type="stmt"/>
        <line num="29" count="1" type="stmt"/>
        <line num="32" count="1" type="stmt"/>
        <line num="34" count="1" type="stmt"/>
        <line num="37" count="0" type="cond" truecount="0" falsecount="3"/>
        <line num="38" count="0" type="stmt"/>
      </file>
    </metrics>
  </project>
</coverage>
