TN:
SF:/Users/john/codefellows/javascript-401/curriculum/07-crud/demo/www/lib/routes.js
FN:17,homePage
FN:21,listPage
FN:23,(anonymous_2)
FN:26,(anonymous_3)
FN:31,deleteCategory
FN:33,(anonymous_5)
FN:36,(anonymous_6)
FNF:7
FNH:2
FNDA:0,homePage
FNDA:0,listPage
FNDA:0,(anonymous_2)
FNDA:0,(anonymous_3)
FNDA:1,deleteCategory
FNDA:1,(anonymous_5)
FNDA:0,(anonymous_6)
DA:3,1
DA:4,1
DA:6,1
DA:8,1
DA:10,1
DA:11,1
DA:12,1
DA:14,1
DA:18,0
DA:22,0
DA:24,0
DA:27,0
DA:32,1
DA:34,1
DA:37,0
LF:15
LH:10
BRF:0
BRH:0
end_of_record
TN:
SF:/Users/john/codefellows/javascript-401/curriculum/07-crud/demo/www/lib/server.js
FN:18,(anonymous_0)
FN:36,(anonymous_1)
FN:38,(anonymous_2)
FNF:3
FNH:0
FNDA:0,(anonymous_0)
FNDA:0,(anonymous_1)
FNDA:0,(anonymous_2)
DA:3,1
DA:4,1
DA:5,1
DA:7,1
DA:9,1
DA:12,1
DA:15,1
DA:18,1
DA:19,0
DA:21,0
DA:22,0
DA:23,0
DA:29,1
DA:32,1
DA:34,1
DA:37,0
DA:38,0
LF:17
LH:11
BRDA:9,0,0,1
BRDA:9,0,1,1
BRDA:19,1,0,0
BRDA:19,1,1,0
BRDA:19,2,0,0
BRDA:19,2,1,0
BRDA:19,2,2,0
BRDA:37,3,0,0
BRDA:37,3,1,0
BRDA:37,3,2,0
BRF:10
BRH:2
end_of_record
